Hawkeye Server
project of reinaldomaslim

Services to deploy:

descriptor:      [/home/ubuntu/Documents/hawkeye/app.yaml]
source:          [/home/ubuntu/Documents/hawkeye]
target project:  [neon-bank-181705]
target service:  [default]
target version:  [20190518t091859]
target url:      [https://neon-bank-181705.appspot.com]


Beginning deployment of service [default]...
#============================================================#
#= Uploading 2 files to Google Cloud Storage                =#
#============================================================#
File upload done.
Updating service [default]...
..................................................................failed.
ERROR: (gcloud.app.deploy) Error Response: [3] The following errors occurred while copying files to App Engine:
File https://storage.googleapis.com/staging.neon-bank-181705.appspot.com/788252eb9ea959a55060ab00be67f94240b9e630 failed with: Conflicting SHA1 sum for file. Expected "e4b04e7f_f8c4b10f_63c1c172_eb9823d7_d536238e" but received "788252eb_9ea959a5_5060ab00_be67f942_40b9e630".

Details: [
  [
    {
      "@type": "type.googleapis.com/google.rpc.ResourceInfo",
      "description": "Conflicting SHA1 sum for file. Expected \"e4b04e7f_f8c4b10f_63c1c172_eb9823d7_d536238e\" but received \"788252eb_9ea959a5_5060ab00_be67f942_40b9e630\".",
      "resourceName": "https://storage.googleapis.com/staging.neon-bank-181705.appspot.com/788252eb9ea959a55060ab00be67f94240b9e630",
      "resourceType": "file"
    }
  ]
]

server Node 2: Create HTMLS template
./data/station/html/dragon_18_05_2019.html doesnt exist
server Node 2: Create HTMLS template
